<?xml version="1.0" encoding="UTF-8"?>
<!-- Generated by org.testng.reporters.JUnitReportReporter -->
<testsuite hostname="Riyana_Saffrin" failures="0" tests="1" name="com.seleniumlogin.login" time="0.011" errors="0" timestamp="2022-10-07T11:26:22 IST" skipped="0">
  <testcase classname="com.seleniumlogin.login" name="f" time="0.011"/>
  <system-out/>
</testsuite> <!-- com.seleniumlogin.login -->
