<?xml version="1.0" encoding="UTF-8"?>
<!-- Generated by org.testng.reporters.JUnitReportReporter -->
<testsuite hostname="LAPTOP-BRIPOA3Q" failures="0" tests="9" name="com.test.flipkart" time="59.645" errors="0" timestamp="2022-10-18T15:21:52 IST" skipped="0">
  <testcase classname="com.test.flipkart" name="loadTime" time="23.332"/>
  <system-out/>
  <testcase classname="com.test.flipkart" name="search" time="1.664"/>
  <system-out/>
  <testcase classname="com.test.flipkart" name="scroll" time="1.444"/>
  <system-out/>
  <testcase classname="com.test.flipkart" name="contentRefresh" time="1.426"/>
  <system-out/>
  <testcase classname="com.test.flipkart" name="imageDisplay" time="3.269"/>
  <system-out/>
  <testcase classname="com.test.flipkart" name="bottomScroll" time="1.078"/>
  <system-out/>
  <testcase classname="com.test.flipkart" name="imgHeight" time="1.725"/>
  <system-out/>
  <testcase classname="com.test.flipkart" name="diffBrowChrome" time="1.335"/>
  <system-out/>
  <testcase classname="com.test.flipkart" name="diffBrowEdge" time="24.372"/>
  <system-out/>
</testsuite> <!-- com.test.flipkart -->
